

============================== 2022-11-09 13:57:37.947229 | ee5d640f-f56a-4315-a51f-edd8e38edb10 ==============================
[0m13:57:37.947243 [info ] [MainThread]: Running with dbt=1.3.0
[0m13:57:37.947626 [debug] [MainThread]: running dbt with arguments {'write_json': True, 'use_colors': True, 'printer_width': 80, 'version_check': True, 'partial_parse': True, 'static_parser': True, 'profiles_dir': '/home/deepa.balwally/.dbt', 'send_anonymous_usage_stats': True, 'event_buffer_size': 100000, 'quiet': False, 'no_print': False, 'project_name': 'jaffle_shop', 'skip_profile_setup': False, 'which': 'init', 'indirect_selection': 'eager'}
[0m13:57:37.947814 [debug] [MainThread]: Tracking: tracking
[0m13:57:37.958398 [debug] [MainThread]: Sending event: {'category': 'dbt', 'action': 'invocation', 'label': 'start', 'context': [<snowplow_tracker.self_describing_json.SelfDescribingJson object at 0x7f353c498b50>, <snowplow_tracker.self_describing_json.SelfDescribingJson object at 0x7f353c498d60>, <snowplow_tracker.self_describing_json.SelfDescribingJson object at 0x7f353c498e50>]}
[0m13:57:37.959476 [debug] [MainThread]: Starter project path: /home/deepa.balwally/.local/lib/python3.8/site-packages/dbt/include/starter_project
[0m13:58:50.575691 [info ] [MainThread]: Profile jaffle_shop written to /home/deepa.balwally/.dbt/profiles.yml using target's profile_template.yml and your supplied values. Run 'dbt debug' to validate the connection.
[0m13:58:50.576085 [info ] [MainThread]: 
Your new dbt project "jaffle_shop" was created!

For more information on how to configure the profiles.yml file,
please consult the dbt documentation here:

  https://docs.getdbt.com/docs/configure-your-profile

One more thing:

Need help? Don't hesitate to reach out to us via GitHub issues or on Slack:

  https://community.getdbt.com/

Happy modeling!

[0m13:58:50.576506 [debug] [MainThread]: Sending event: {'category': 'dbt', 'action': 'invocation', 'label': 'end', 'context': [<snowplow_tracker.self_describing_json.SelfDescribingJson object at 0x7f353c498d60>, <snowplow_tracker.self_describing_json.SelfDescribingJson object at 0x7f353c498cd0>, <snowplow_tracker.self_describing_json.SelfDescribingJson object at 0x7f353c498e50>]}
[0m13:58:50.576753 [debug] [MainThread]: Flushing usage events


============================== 2022-11-10 11:13:30.553849 | c14c0c90-da4b-412d-96eb-f9c1e2b61651 ==============================
[0m11:13:30.553862 [info ] [MainThread]: Running with dbt=1.3.0
[0m11:13:30.554305 [debug] [MainThread]: running dbt with arguments {'write_json': True, 'use_colors': True, 'printer_width': 80, 'version_check': True, 'partial_parse': True, 'static_parser': True, 'profiles_dir': '/home/deepa.balwally/.dbt', 'send_anonymous_usage_stats': True, 'event_buffer_size': 100000, 'quiet': False, 'no_print': False, 'project_name': 'jaffle_shop', 'skip_profile_setup': False, 'which': 'init', 'indirect_selection': 'eager'}
[0m11:13:30.554487 [debug] [MainThread]: Tracking: tracking
[0m11:13:30.564935 [debug] [MainThread]: Sending event: {'category': 'dbt', 'action': 'invocation', 'label': 'start', 'context': [<snowplow_tracker.self_describing_json.SelfDescribingJson object at 0x7f577715d910>, <snowplow_tracker.self_describing_json.SelfDescribingJson object at 0x7f577715d9d0>, <snowplow_tracker.self_describing_json.SelfDescribingJson object at 0x7f577715da30>]}
[0m11:13:30.565916 [info ] [MainThread]: A project called jaffle_shop already exists here.
[0m11:13:30.566315 [debug] [MainThread]: Sending event: {'category': 'dbt', 'action': 'invocation', 'label': 'end', 'context': [<snowplow_tracker.self_describing_json.SelfDescribingJson object at 0x7f577715ddf0>, <snowplow_tracker.self_describing_json.SelfDescribingJson object at 0x7f577715dc10>, <snowplow_tracker.self_describing_json.SelfDescribingJson object at 0x7f577715da30>]}
[0m11:13:30.566555 [debug] [MainThread]: Flushing usage events


============================== 2022-11-10 15:57:28.833566 | 0419e398-6d65-4e6d-a896-c1b62f2af99a ==============================
[0m15:57:28.833579 [info ] [MainThread]: Running with dbt=1.3.0
[0m15:57:28.834019 [debug] [MainThread]: running dbt with arguments {'write_json': True, 'use_colors': True, 'printer_width': 80, 'version_check': True, 'partial_parse': True, 'static_parser': True, 'profiles_dir': '/home/deepa.balwally/.dbt', 'send_anonymous_usage_stats': True, 'event_buffer_size': 100000, 'quiet': False, 'no_print': False, 'project_name': 'dvd-rentals', 'skip_profile_setup': False, 'which': 'init', 'indirect_selection': 'eager'}
[0m15:57:28.834220 [debug] [MainThread]: Tracking: tracking
[0m15:57:28.844823 [debug] [MainThread]: Sending event: {'category': 'dbt', 'action': 'invocation', 'label': 'start', 'context': [<snowplow_tracker.self_describing_json.SelfDescribingJson object at 0x7fc7996798b0>, <snowplow_tracker.self_describing_json.SelfDescribingJson object at 0x7fc7996799a0>, <snowplow_tracker.self_describing_json.SelfDescribingJson object at 0x7fc799679af0>]}
[0m15:57:42.984659 [debug] [MainThread]: Starter project path: /home/deepa.balwally/.local/lib/python3.8/site-packages/dbt/include/starter_project
[0m15:57:52.867152 [info ] [MainThread]: 
Your new dbt project "demo_dbt_postgres" was created!

For more information on how to configure the profiles.yml file,
please consult the dbt documentation here:

  https://docs.getdbt.com/docs/configure-your-profile

One more thing:

Need help? Don't hesitate to reach out to us via GitHub issues or on Slack:

  https://community.getdbt.com/

Happy modeling!

[0m15:57:52.867752 [debug] [MainThread]: Sending event: {'category': 'dbt', 'action': 'invocation', 'label': 'end', 'context': [<snowplow_tracker.self_describing_json.SelfDescribingJson object at 0x7fc799679ca0>, <snowplow_tracker.self_describing_json.SelfDescribingJson object at 0x7fc7996798e0>, <snowplow_tracker.self_describing_json.SelfDescribingJson object at 0x7fc799679b20>]}
[0m15:57:52.868005 [debug] [MainThread]: Flushing usage events


============================== 2022-11-10 17:38:33.074892 | 7dc1eba3-2d43-473c-bef7-f393a6064770 ==============================
[0m17:38:33.074906 [info ] [MainThread]: Running with dbt=1.3.0
[0m17:38:33.075315 [debug] [MainThread]: running dbt with arguments {'write_json': True, 'use_colors': True, 'printer_width': 80, 'version_check': True, 'partial_parse': True, 'static_parser': True, 'profiles_dir': '/home/deepa.balwally/.dbt', 'send_anonymous_usage_stats': True, 'event_buffer_size': 100000, 'quiet': False, 'no_print': False, 'project_name': 'postgres_dvdrental', 'skip_profile_setup': False, 'which': 'init', 'indirect_selection': 'eager'}
[0m17:38:33.075518 [debug] [MainThread]: Tracking: tracking
[0m17:38:33.086135 [debug] [MainThread]: Sending event: {'category': 'dbt', 'action': 'invocation', 'label': 'start', 'context': [<snowplow_tracker.self_describing_json.SelfDescribingJson object at 0x7f70bbbc2430>, <snowplow_tracker.self_describing_json.SelfDescribingJson object at 0x7f70bbbc2250>, <snowplow_tracker.self_describing_json.SelfDescribingJson object at 0x7f70bbbc2190>]}
[0m17:38:33.087246 [debug] [MainThread]: Starter project path: /home/deepa.balwally/.local/lib/python3.8/site-packages/dbt/include/starter_project
[0m17:38:35.620019 [info ] [MainThread]: 
Your new dbt project "postgres_dvdrental" was created!

For more information on how to configure the profiles.yml file,
please consult the dbt documentation here:

  https://docs.getdbt.com/docs/configure-your-profile

One more thing:

Need help? Don't hesitate to reach out to us via GitHub issues or on Slack:

  https://community.getdbt.com/

Happy modeling!

[0m17:38:35.620577 [debug] [MainThread]: Sending event: {'category': 'dbt', 'action': 'invocation', 'label': 'end', 'context': [<snowplow_tracker.self_describing_json.SelfDescribingJson object at 0x7f70bbc48100>, <snowplow_tracker.self_describing_json.SelfDescribingJson object at 0x7f70ba3f94f0>, <snowplow_tracker.self_describing_json.SelfDescribingJson object at 0x7f70ba3f9100>]}
[0m17:38:35.620857 [debug] [MainThread]: Flushing usage events
